\BOOKMARK [1][-]{section.1}{\376\377\127\372\116\216\157\053\132\001\133\207\133\231\166\204\202\361\226\304\116\272\162\151\121\163\174\373\122\006\147\220}{}% 1
\BOOKMARK [2][-]{subsection.1.1}{\376\377\116\313\176\315}{section.1}% 2
\BOOKMARK [3][-]{subsubsection.1.1.1}{\376\377\157\053\132\001\133\207\133\231\116\313\176\315}{subsection.1.1}% 3
\BOOKMARK [3][-]{subsubsection.1.1.2}{\376\377\145\160\143\156\147\145\156\220\116\313\176\315}{subsection.1.1}% 4
\BOOKMARK [2][-]{subsection.1.2}{\376\377\116\272\162\151\121\163\174\373\126\376\123\312\127\372\147\054\140\047\215\050\117\341\140\157}{section.1}% 5
\BOOKMARK [2][-]{subsection.1.3}{\376\377\202\202\160\271\221\315\211\201\140\047\136\246\221\317}{section.1}% 6
\BOOKMARK [3][-]{subsubsection.1.3.1}{\376\377\143\007\150\007\116\313\176\315}{subsection.1.3}% 7
\BOOKMARK [3][-]{subsubsection.1.3.2}{\376\377\177\216\126\375\226\037\225\177\167\037\166\204\146\057\226\037\225\177\124\027\377\037\040\024\040\024\202\202\160\271\221\315\211\201\140\047\153\324\217\203}{subsection.1.3}% 8
\BOOKMARK [3][-]{subsubsection.1.3.3}{\376\377\160\155\227\070\142\123\124\315\143\007\116\113\124\016\040\024\040\024\211\322\202\162\221\315\211\201\140\047\157\024\123\330}{subsection.1.3}% 9
\BOOKMARK [2][-]{subsection.1.4}{\376\377\202\202\160\271\166\370\117\074\140\047\136\246\221\317}{section.1}% 10
\BOOKMARK [3][-]{subsubsection.1.4.1}{\376\377\127\372\116\216\134\100\220\350\117\341\140\157\166\204\202\202\160\271\166\370\117\074\140\047\143\007\150\007}{subsection.1.4}% 11
\BOOKMARK [3][-]{subsubsection.1.4.2}{\376\377\127\372\116\216\121\150\134\100\117\341\140\157\166\204\202\202\160\271\166\370\117\074\140\047\143\007\150\007}{subsection.1.4}% 12
\BOOKMARK [3][-]{subsubsection.1.4.3}{\376\377\127\372\116\216\226\217\147\072\156\070\215\160\166\204\166\370\117\074\140\047\143\007\150\007}{subsection.1.4}% 13
\BOOKMARK [2][-]{subsection.1.5}{\376\377\142\021\116\354\134\136\116\216\124\014\116\000\116\052\200\124\166\337\124\027\377\037\040\024\040\024\171\076\126\342\213\306\122\053}{section.1}% 14
\BOOKMARK [2][-]{subsection.1.6}{\376\377\116\047\134\070\165\305\153\322\117\265\210\255\040\024\040\024\127\372\116\216\177\121\176\334\166\204\117\040\144\255\116\016\122\250\122\233\133\146}{section.1}% 15
\BOOKMARK [2][-]{subsection.1.7}{\376\377\140\073\176\323}{section.1}% 16
\BOOKMARK [1][-]{section.2}{\376\377\127\372\116\216\116\011\117\123\116\026\165\114\166\204\145\207\147\054\122\006\147\220}{}% 17
\BOOKMARK [2][-]{subsection.2.1}{\376\377\116\313\176\315}{section.2}% 18
\BOOKMARK [2][-]{subsection.2.2}{\376\377\122\006\213\315\123\312\213\315\116\221\123\357\211\306\123\026}{section.2}% 19
\BOOKMARK [2][-]{subsection.2.3}{\376\377\127\372\116\216\116\015\124\014\210\150\171\072\145\271\154\325\166\204\213\315\213\355\166\370\117\074\136\246\136\246\221\317}{section.2}% 20
\BOOKMARK [3][-]{subsubsection.2.3.1}{\376\377\127\372\116\216\213\315\210\213\152\041\127\213\166\204\166\370\117\074\136\246\143\007\150\007}{subsection.2.3}% 21
\BOOKMARK [3][-]{subsubsection.2.3.2}{\376\377\127\372\116\216\000B\000i\000-\000g\000r\000a\000m\152\041\127\213\166\204\166\370\117\074\136\246\143\007\150\007}{subsection.2.3}% 22
\BOOKMARK [3][-]{subsubsection.2.3.3}{\376\377\127\372\116\216\000W\000o\000r\000d\0002\000V\000e\000c\166\204\166\370\117\074\136\246\143\007\150\007}{subsection.2.3}% 23
\BOOKMARK [3][-]{subsubsection.2.3.4}{\376\377\116\011\171\315\213\315\166\204\210\150\171\072\145\271\154\325\166\204\153\324\217\203\123\312\136\224\165\050\127\072\146\157}{subsection.2.3}% 24
\BOOKMARK [2][-]{subsection.2.4}{\376\377\121\163\225\056\213\315\143\320\123\326\116\016\116\073\230\230\213\306\122\053}{section.2}% 25
\BOOKMARK [2][-]{subsection.2.5}{\376\377\145\207\150\143\166\204\166\370\117\074\140\047\116\016\136\224\165\050}{section.2}% 26
\BOOKMARK [3][-]{subsubsection.2.5.1}{\376\377\145\207\147\054\166\370\117\074\136\246}{subsection.2.5}% 27
\BOOKMARK [3][-]{subsubsection.2.5.2}{\376\377\145\207\147\054\200\132\174\173}{subsection.2.5}% 28
\BOOKMARK [3][-]{subsubsection.2.5.3}{\376\377\201\352\122\250\144\130\211\201}{subsection.2.5}% 29
\BOOKMARK [2][-]{subsection.2.6}{\376\377\140\305\141\037\122\006\147\220}{section.2}% 30
\BOOKMARK [2][-]{subsection.2.7}{\376\377\201\352\122\250\121\231\117\134}{section.2}% 31
\BOOKMARK [2][-]{subsection.2.8}{\376\377\140\073\176\323}{section.2}% 32
